#
# A fatal error has been detected by the Java Runtime Environment:
#
#  EXCEPTION_ACCESS_VIOLATION (0xc0000005) at pc=0x00007ff83fd0e37d, pid=6036, tid=0x0000000000002504
#
# JRE version: Java(TM) SE Runtime Environment (8.0_101-b13) (build 1.8.0_101-b13)
# Java VM: Java HotSpot(TM) 64-Bit Server VM (25.101-b13 mixed mode windows-amd64 compressed oops)
# Problematic frame:
# C  [lwjgl_opengl.dll+0xe37d]
#
# Failed to write core dump. Minidumps are not enabled by default on client versions of Windows
#
# If you would like to submit a bug report, please visit:
#   http://bugreport.java.com/bugreport/crash.jsp
# The crash happened outside the Java Virtual Machine in native code.
# See problematic frame for where to report the bug.
#

---------------  T H R E A D  ---------------

Current thread (0x00000000206d4800):  JavaThread "LitterBoxClient" [_thread_in_native, id=9476, stack(0x0000000027280000,0x0000000027380000)]

siginfo: ExceptionCode=0xc0000005, reading address 0x00000000000001b0

Registers:
RAX=0x0000000066abed50, RBX=0x0000000000004628, RCX=0x0000000000000de1, RDX=0x0000000000000001
RSP=0x000000002737f088, RBP=0x000000002737f0f0, RSI=0x000000076d0915e8, RDI=0x0000000000000001
R8 =0x0000000000000de1, R9 =0x0000000000000001, R10=0x0000000000000000, R11=0x0000000000000200
R12=0x0000000000000000, R13=0x000000002737f3a0, R14=0x000000002737f0e0, R15=0x00000000206d4800
RIP=0x00007ff83fd0e37d, EFLAGS=0x0000000000010246

Top of Stack: (sp=0x000000002737f088)
0x000000002737f088:   0000000003686dca 000000001ed0f760
0x000000002737f098:   0000000003197b00 00000007c016d2f8
0x000000002737f0a8:   00000000266d8701 0000000000000001
0x000000002737f0b8:   00000000206d4800 0000000000000000
0x000000002737f0c8:   0000000000000008 000000076bfbab88
0x000000002737f0d8:   0000006400000016 000000076c5ada20
0x000000002737f0e8:   000000006644a7bc 000000002737f3e8
0x000000002737f0f8:   0000000003685bfc 000000000000002b
0x000000002737f108:   00000000663ba02f 0000000066903d28
0x000000002737f118:   0000000003197b00 0000000000000003
0x000000002737f128:   00000000665369bd 00000000206d0000
0x000000002737f138:   00000000663d7840 000000000000002b
0x000000002737f148:   000000006641b4ad 000000001ebeaed0
0x000000002737f158:   000000006653d202 00000000206d4800
0x000000002737f168:   00000000032730e3 000000002181fbd8
0x000000002737f178:   00000000206d4800 000000001ecc56e0 

Instructions: (pc=0x00007ff83fd0e37d)
0x00007ff83fd0e35d:   50 cc cc 48 8b 01 41 8b c8 48 8b 50 18 48 ff 62
0x00007ff83fd0e36d:   68 cc cc 48 8b 01 41 8b d1 41 8b c8 4c 8b 50 18
0x00007ff83fd0e37d:   49 ff a2 b0 01 00 00 cc cc cc cc cc cc cc cc cc
0x00007ff83fd0e38d:   cc cc cc 48 8b 01 41 8b d1 f3 0f 10 44 24 40 41 


Register to memory mapping:

RAX=0x0000000066abed50 is an unknown value
RBX=0x0000000000004628 is an unknown value
RCX=0x0000000000000de1 is an unknown value
RDX=0x0000000000000001 is an unknown value
RSP=0x000000002737f088 is pointing into the stack for thread: 0x00000000206d4800
RBP=0x000000002737f0f0 is pointing into the stack for thread: 0x00000000206d4800
RSI=0x000000076d0915e8 is an oop
net.kerfuffle.Utilities.GUI.Text.Texture 
 - klass: 'net/kerfuffle/Utilities/GUI/Text/Texture'
RDI=0x0000000000000001 is an unknown value
R8 =0x0000000000000de1 is an unknown value
R9 =0x0000000000000001 is an unknown value
R10=0x0000000000000000 is an unknown value
R11=0x0000000000000200 is an unknown value
R12=0x0000000000000000 is an unknown value
R13=0x000000002737f3a0 is pointing into the stack for thread: 0x00000000206d4800
R14=0x000000002737f0e0 is pointing into the stack for thread: 0x00000000206d4800
R15=0x00000000206d4800 is a thread


Stack: [0x0000000027280000,0x0000000027380000],  sp=0x000000002737f088,  free space=1020k
Native frames: (J=compiled Java code, j=interpreted, Vv=VM code, C=native code)
C  [lwjgl_opengl.dll+0xe37d]

Java frames: (J=compiled Java code, j=interpreted, Vv=VM code)
J 1271  org.lwjgl.opengl.GL11.nglBindTexture(II)V (0 bytes) @ 0x0000000003686d44 [0x0000000003686d00+0x44]
J 1273 C1 net.kerfuffle.Utilities.GUI.Text.Font.drawText(Ljava/lang/CharSequence;FFLnet/kerfuffle/Utilities/GUI/RGB;)V (173 bytes) @ 0x0000000003685bfc [0x00000000036859e0+0x21c]
J 1300 C1 net.kerfuffle.LitterBox.Message.draw()V (49 bytes) @ 0x00000000036ae644 [0x00000000036ae3e0+0x264]
J 1291 C1 net.kerfuffle.LitterBox.Game.checkMessages()V (119 bytes) @ 0x00000000036a6994 [0x00000000036a5b00+0xe94]
j  net.kerfuffle.LitterBox.Game.addMessage(Ljava/lang/String;)V+42
j  net.kerfuffle.LitterBox.Main$2.run(Lnet/kerfuffle/Utilities/Network/Packet;)V+158
j  net.kerfuffle.Utilities.Network.Client.run()V+22
j  java.lang.Thread.run()V+11
v  ~StubRoutines::call_stub

---------------  P R O C E S S  ---------------

Java Threads: ( => current thread )
=>0x00000000206d4800 JavaThread "LitterBoxClient" [_thread_in_native, id=9476, stack(0x0000000027280000,0x0000000027380000)]
  0x00000000205b5000 JavaThread "LitterBoxSend" [_thread_in_Java, id=10176, stack(0x0000000027180000,0x0000000027280000)]
  0x000000002059c800 JavaThread "TimerQueue" daemon [_thread_blocked, id=1572, stack(0x0000000027080000,0x0000000027180000)]
  0x000000002057a000 JavaThread "D3D Screen Updater" daemon [_thread_blocked, id=8496, stack(0x0000000026e60000,0x0000000026f60000)]
  0x000000002042c800 JavaThread "AWT-Windows" daemon [_thread_in_native, id=5992, stack(0x0000000020df0000,0x0000000020ef0000)]
  0x00000000203f5000 JavaThread "Java2D Disposer" daemon [_thread_blocked, id=8900, stack(0x0000000020bf0000,0x0000000020cf0000)]
  0x000000001ecac000 JavaThread "Service Thread" daemon [_thread_blocked, id=10380, stack(0x000000001fdf0000,0x000000001fef0000)]
  0x000000001ec20800 JavaThread "C1 CompilerThread3" daemon [_thread_blocked, id=4480, stack(0x000000001fcf0000,0x000000001fdf0000)]
  0x000000001ec20000 JavaThread "C2 CompilerThread2" daemon [_thread_blocked, id=5496, stack(0x000000001fbf0000,0x000000001fcf0000)]
  0x000000001ec1f000 JavaThread "C2 CompilerThread1" daemon [_thread_blocked, id=11116, stack(0x000000001faf0000,0x000000001fbf0000)]
  0x000000001ec17800 JavaThread "C2 CompilerThread0" daemon [_thread_blocked, id=7764, stack(0x000000001f9f0000,0x000000001faf0000)]
  0x000000001ec07800 JavaThread "JDWP Command Reader" daemon [_thread_in_native, id=9820, stack(0x000000001f8f0000,0x000000001f9f0000)]
  0x000000001ec04000 JavaThread "JDWP Event Helper Thread" daemon [_thread_blocked, id=8416, stack(0x000000001f7f0000,0x000000001f8f0000)]
  0x000000001ebf8000 JavaThread "JDWP Transport Listener: dt_socket" daemon [_thread_blocked, id=7912, stack(0x000000001f6f0000,0x000000001f7f0000)]
  0x000000001ebed000 JavaThread "Attach Listener" daemon [_thread_blocked, id=7172, stack(0x000000001f2b0000,0x000000001f3b0000)]
  0x000000001ebec000 JavaThread "Signal Dispatcher" daemon [_thread_blocked, id=7804, stack(0x000000001f1b0000,0x000000001f2b0000)]
  0x000000001ebe0800 JavaThread "Finalizer" daemon [_thread_blocked, id=5744, stack(0x000000001efc0000,0x000000001f0c0000)]
  0x000000001cced000 JavaThread "Reference Handler" daemon [_thread_blocked, id=5800, stack(0x000000001eac0000,0x000000001ebc0000)]
  0x0000000003145000 JavaThread "main" [_thread_in_native, id=10560, stack(0x0000000002fd0000,0x00000000030d0000)]

Other Threads:
  0x000000001cce9000 VMThread [stack: 0x000000001e9c0000,0x000000001eac0000] [id=9300]
  0x000000001ecca000 WatcherThread [stack: 0x000000001fef0000,0x000000001fff0000] [id=9744]

VM state:not at safepoint (normal execution)

VM Mutex/Monitor currently owned by a thread: None

Heap:
 PSYoungGen      total 76288K, used 37178K [0x000000076af00000, 0x0000000770400000, 0x00000007c0000000)
  eden space 65536K, 56% used [0x000000076af00000,0x000000076d34e810,0x000000076ef00000)
  from space 10752K, 0% used [0x000000076f980000,0x000000076f980000,0x0000000770400000)
  to   space 10752K, 0% used [0x000000076ef00000,0x000000076ef00000,0x000000076f980000)
 ParOldGen       total 175104K, used 0K [0x00000006c0c00000, 0x00000006cb700000, 0x000000076af00000)
  object space 175104K, 0% used [0x00000006c0c00000,0x00000006c0c00000,0x00000006cb700000)
 Metaspace       used 15792K, capacity 16039K, committed 16384K, reserved 1064960K
  class space    used 1678K, capacity 1762K, committed 1792K, reserved 1048576K

Card table byte_map: [0x0000000012600000,0x0000000012e00000] byte_map_base: 0x000000000effa000

Marking Bits: (ParMarkBitMap*) 0x0000000066b3a6d0
 Begin Bits: [0x0000000013b60000, 0x0000000017b30000)
 End Bits:   [0x0000000017b30000, 0x000000001bb00000)

Polling page: 0x0000000001830000

CodeCache: size=245760Kb used=4535Kb max_used=4537Kb free=241224Kb
 bounds [0x0000000003240000, 0x00000000036c0000, 0x0000000012240000]
 total_blobs=2291 nmethods=1286 adapters=926
 compilation: enabled

Compilation events (10 events):
Event: 19.347 Thread 0x000000001ec20800 1301       3       java.util.ArrayList$SubList$1::next (79 bytes)
Event: 19.348 Thread 0x000000001ec20800 nmethod 1301 0x00000000036afc50 code [0x00000000036afe20, 0x00000000036b0308]
Event: 19.348 Thread 0x000000001ec20800 1302       3       java.util.ArrayList$SubList$1::checkForComodification (26 bytes)
Event: 19.348 Thread 0x000000001ec20800 nmethod 1302 0x00000000036add50 code [0x00000000036adec0, 0x00000000036ae108]
Event: 19.361 Thread 0x000000001ec20800 1303       1       net.kerfuffle.Utilities.Network.Packet::getId (5 bytes)
Event: 19.361 Thread 0x000000001ec20800 nmethod 1303 0x000000000335c890 code [0x000000000335c9e0, 0x000000000335caf0]
Event: 19.800 Thread 0x000000001ec20800 1304       1       java.lang.StringCoding$StringDecoder::requestedCharsetName (5 bytes)
Event: 19.801 Thread 0x000000001ec20800 nmethod 1304 0x00000000036b0610 code [0x00000000036b0760, 0x00000000036b0870]
Event: 20.014 Thread 0x000000001ec20800 1305       1       java.net.InetAddress::holder (5 bytes)
Event: 20.014 Thread 0x000000001ec20800 nmethod 1305 0x00000000033f2f10 code [0x00000000033f3060, 0x00000000033f3170]

GC Heap History (0 events):
No events

Deoptimization events (7 events):
Event: 0.116 Thread 0x0000000003145000 Uncommon trap: reason=unstable_if action=reinterpret pc=0x0000000003358a04 method=java.lang.String.hashCode()I @ 14
Event: 0.206 Thread 0x0000000003145000 Uncommon trap: reason=null_check action=make_not_entrant pc=0x00000000033ae4a0 method=java.lang.String.equals(Ljava/lang/Object;)Z @ 8
Event: 1.902 Thread 0x000000002051a800 Uncommon trap: reason=class_check action=maybe_recompile pc=0x00000000033ce810 method=java.lang.String.equals(Ljava/lang/Object;)Z @ 8
Event: 1.902 Thread 0x000000002051a800 Uncommon trap: reason=class_check action=maybe_recompile pc=0x00000000033ce810 method=java.lang.String.equals(Ljava/lang/Object;)Z @ 8
Event: 2.080 Thread 0x000000002051a800 Uncommon trap: reason=class_check action=maybe_recompile pc=0x00000000033ce810 method=java.lang.String.equals(Ljava/lang/Object;)Z @ 8
Event: 2.080 Thread 0x000000002051a800 Uncommon trap: reason=class_check action=maybe_recompile pc=0x00000000033ce810 method=java.lang.String.equals(Ljava/lang/Object;)Z @ 8
Event: 5.147 Thread 0x00000000205b5000 Uncommon trap: reason=unstable_if action=reinterpret pc=0x0000000003484b78 method=net.kerfuffle.LitterBox.SendThread.run()V @ 10

Internal exceptions (10 events):
Event: 0.212 Thread 0x0000000003145000 Exception <a 'java/io/FileNotFoundException'> (0x000000076b57b598) thrown at [C:\re\workspace\8-2-build-windows-amd64-cygwin\jdk8u101\7261\hotspot\src\share\vm\prims\jni.cpp, line 709]
Event: 6.006 Thread 0x0000000003145000 Exception <a 'sun/nio/fs/WindowsException'> (0x000000076c46c140) thrown at [C:\re\workspace\8-2-build-windows-amd64-cygwin\jdk8u101\7261\hotspot\src\share\vm\prims\jni.cpp, line 709]
Event: 6.006 Thread 0x0000000003145000 Exception <a 'sun/nio/fs/WindowsException'> (0x000000076c46c970) thrown at [C:\re\workspace\8-2-build-windows-amd64-cygwin\jdk8u101\7261\hotspot\src\share\vm\prims\jni.cpp, line 709]
Event: 6.006 Thread 0x0000000003145000 Exception <a 'sun/nio/fs/WindowsException'> (0x000000076c46e268) thrown at [C:\re\workspace\8-2-build-windows-amd64-cygwin\jdk8u101\7261\hotspot\src\share\vm\prims\jni.cpp, line 709]
Event: 6.006 Thread 0x0000000003145000 Exception <a 'sun/nio/fs/WindowsException'> (0x000000076c46e898) thrown at [C:\re\workspace\8-2-build-windows-amd64-cygwin\jdk8u101\7261\hotspot\src\share\vm\prims\jni.cpp, line 709]
Event: 6.006 Thread 0x0000000003145000 Exception <a 'sun/nio/fs/WindowsException'> (0x000000076c46f488) thrown at [C:\re\workspace\8-2-build-windows-amd64-cygwin\jdk8u101\7261\hotspot\src\share\vm\prims\jni.cpp, line 709]
Event: 6.006 Thread 0x0000000003145000 Exception <a 'sun/nio/fs/WindowsException'> (0x000000076c46fab8) thrown at [C:\re\workspace\8-2-build-windows-amd64-cygwin\jdk8u101\7261\hotspot\src\share\vm\prims\jni.cpp, line 709]
Event: 6.006 Thread 0x0000000003145000 Exception <a 'sun/nio/fs/WindowsException'> (0x000000076c4706a8) thrown at [C:\re\workspace\8-2-build-windows-amd64-cygwin\jdk8u101\7261\hotspot\src\share\vm\prims\jni.cpp, line 709]
Event: 6.006 Thread 0x0000000003145000 Exception <a 'sun/nio/fs/WindowsException'> (0x000000076c470cd8) thrown at [C:\re\workspace\8-2-build-windows-amd64-cygwin\jdk8u101\7261\hotspot\src\share\vm\prims\jni.cpp, line 709]
Event: 6.220 Thread 0x0000000003145000 Exception <a 'java/io/FileNotFoundException'> (0x000000076ce2fad8) thrown at [C:\re\workspace\8-2-build-windows-amd64-cygwin\jdk8u101\7261\hotspot\src\share\vm\prims\jni.cpp, line 709]

Events (10 events):
Event: 15.254 loading class net/kerfuffle/LitterBox/Message done
Event: 15.254 Thread 0x00000000206d4800 DEOPT PACKING pc=0x00000000035d8b49 sp=0x000000002737e040
Event: 15.254 Thread 0x00000000206d4800 DEOPT UNPACKING pc=0x000000000328787f sp=0x000000002737dd90 mode 1
Event: 15.255 Thread 0x00000000206d4800 DEOPT PACKING pc=0x000000000350f7c4 sp=0x000000002737e0c0
Event: 15.255 Thread 0x00000000206d4800 DEOPT UNPACKING pc=0x000000000328787f sp=0x000000002737dee0 mode 1
Event: 15.255 Thread 0x00000000206d4800 DEOPT PACKING pc=0x000000000350f55c sp=0x000000002737e250
Event: 15.255 Thread 0x00000000206d4800 DEOPT UNPACKING pc=0x000000000328787f sp=0x000000002737e070 mode 1
Event: 19.348 Thread 0x000000001ec20800 flushing nmethod 0x000000000335c890
Event: 19.801 Thread 0x000000001ec20800 flushing nmethod 0x00000000033ce3d0
Event: 19.801 Thread 0x000000001ec20800 flushing nmethod 0x00000000033f2f10


Dynamic libraries:
0x00007ff79cb60000 - 0x00007ff79cb97000 	C:\Program Files\Java\jre1.8.0_101\bin\javaw.exe
0x00007ff856a50000 - 0x00007ff856c21000 	C:\WINDOWS\SYSTEM32\ntdll.dll
0x00007ff855e10000 - 0x00007ff855ebc000 	C:\WINDOWS\System32\KERNEL32.DLL
0x00007ff853c20000 - 0x00007ff853e3d000 	C:\WINDOWS\System32\KERNELBASE.dll
0x00007ff856390000 - 0x00007ff856432000 	C:\WINDOWS\System32\ADVAPI32.dll
0x00007ff8566b0000 - 0x00007ff85674e000 	C:\WINDOWS\System32\msvcrt.dll
0x00007ff856330000 - 0x00007ff856389000 	C:\WINDOWS\System32\sechost.dll
0x00007ff856440000 - 0x00007ff856561000 	C:\WINDOWS\System32\RPCRT4.dll
0x00007ff853fe0000 - 0x00007ff854145000 	C:\WINDOWS\System32\USER32.dll
0x00007ff853fc0000 - 0x00007ff853fde000 	C:\WINDOWS\System32\win32u.dll
0x00007ff8557c0000 - 0x00007ff8557f4000 	C:\WINDOWS\System32\GDI32.dll
0x00007ff853e40000 - 0x00007ff853fc0000 	C:\WINDOWS\System32\gdi32full.dll
0x00007ff84c270000 - 0x00007ff84c4ea000 	C:\WINDOWS\WinSxS\amd64_microsoft.windows.common-controls_6595b64144ccf1df_6.0.14393.953_none_42151e83c686086b\COMCTL32.dll
0x00007ff855ec0000 - 0x00007ff856188000 	C:\WINDOWS\System32\combase.dll
0x00007ff853750000 - 0x00007ff853845000 	C:\WINDOWS\System32\ucrtbase.dll
0x00007ff8536e0000 - 0x00007ff85374a000 	C:\WINDOWS\System32\bcryptPrimitives.dll
0x00007ff855800000 - 0x00007ff85582e000 	C:\WINDOWS\System32\IMM32.DLL
0x0000000065bd0000 - 0x0000000065ca2000 	C:\Program Files\Java\jre1.8.0_101\bin\msvcr100.dll
0x0000000066320000 - 0x0000000066bba000 	C:\Program Files\Java\jre1.8.0_101\bin\server\jvm.dll
0x00007ff855830000 - 0x00007ff855838000 	C:\WINDOWS\System32\PSAPI.DLL
0x00007ff850e20000 - 0x00007ff850e43000 	C:\WINDOWS\SYSTEM32\WINMM.dll
0x00007ff84ebd0000 - 0x00007ff84ebda000 	C:\WINDOWS\SYSTEM32\VERSION.dll
0x00007ff8419c0000 - 0x00007ff8419c9000 	C:\WINDOWS\SYSTEM32\WSOCK32.dll
0x00007ff856840000 - 0x00007ff8568aa000 	C:\WINDOWS\System32\WS2_32.dll
0x00007ff850c30000 - 0x00007ff850c5b000 	C:\WINDOWS\SYSTEM32\WINMMBASE.dll
0x00007ff853a00000 - 0x00007ff853a42000 	C:\WINDOWS\System32\cfgmgr32.dll
0x0000000066de0000 - 0x0000000066def000 	C:\Program Files\Java\jre1.8.0_101\bin\verify.dll
0x0000000066db0000 - 0x0000000066dd9000 	C:\Program Files\Java\jre1.8.0_101\bin\java.dll
0x0000000065b90000 - 0x0000000065bc5000 	C:\Program Files\Java\jre1.8.0_101\bin\jdwp.dll
0x0000000065b80000 - 0x0000000065b88000 	C:\Program Files\Java\jre1.8.0_101\bin\npt.dll
0x0000000066d90000 - 0x0000000066da6000 	C:\Program Files\Java\jre1.8.0_101\bin\zip.dll
0x00007ff8542b0000 - 0x00007ff8557b8000 	C:\WINDOWS\System32\SHELL32.dll
0x00007ff853000000 - 0x00007ff8536da000 	C:\WINDOWS\System32\windows.storage.dll
0x00007ff852f00000 - 0x00007ff852f4c000 	C:\WINDOWS\System32\powrprof.dll
0x00007ff856250000 - 0x00007ff8562a2000 	C:\WINDOWS\System32\shlwapi.dll
0x00007ff852ef0000 - 0x00007ff852eff000 	C:\WINDOWS\System32\kernel.appcore.dll
0x00007ff852f50000 - 0x00007ff852ff9000 	C:\WINDOWS\System32\shcore.dll
0x00007ff852ec0000 - 0x00007ff852ed4000 	C:\WINDOWS\System32\profapi.dll
0x0000000065b70000 - 0x0000000065b79000 	C:\Program Files\Java\jre1.8.0_101\bin\dt_socket.dll
0x00007ff84cef0000 - 0x00007ff84cf06000 	C:\WINDOWS\system32\napinsp.dll
0x00007ff84cf10000 - 0x00007ff84cf2a000 	C:\WINDOWS\system32\pnrpnsp.dll
0x00007ff850c60000 - 0x00007ff850c78000 	C:\WINDOWS\system32\NLAapi.dll
0x00007ff852790000 - 0x00007ff8527ec000 	C:\WINDOWS\System32\mswsock.dll
0x00007ff852550000 - 0x00007ff8525f1000 	C:\WINDOWS\SYSTEM32\DNSAPI.dll
0x00007ff856320000 - 0x00007ff856328000 	C:\WINDOWS\System32\NSI.dll
0x00007ff852510000 - 0x00007ff852548000 	C:\WINDOWS\SYSTEM32\IPHLPAPI.DLL
0x00007ff84cf30000 - 0x00007ff84cf3e000 	C:\WINDOWS\System32\winrnr.dll
0x00007ff84cf40000 - 0x00007ff84cf55000 	C:\WINDOWS\System32\wshbth.dll
0x00007ff8499e0000 - 0x00007ff849a4a000 	C:\WINDOWS\System32\fwpuclnt.dll
0x00007ff852e00000 - 0x00007ff852e2b000 	C:\WINDOWS\SYSTEM32\bcrypt.dll
0x00007ff848100000 - 0x00007ff84810a000 	C:\Windows\System32\rasadhlp.dll
0x00000000659d0000 - 0x0000000065b68000 	C:\Program Files\Java\jre1.8.0_101\bin\awt.dll
0x00007ff856190000 - 0x00007ff85624f000 	C:\WINDOWS\System32\OLEAUT32.dll
0x00007ff853850000 - 0x00007ff8538ec000 	C:\WINDOWS\System32\msvcp_win.dll
0x00007ff851460000 - 0x00007ff8514da000 	C:\WINDOWS\SYSTEM32\apphelp.dll
0x00007ff851640000 - 0x00007ff8516d5000 	C:\WINDOWS\system32\uxtheme.dll
0x00007ff854150000 - 0x00007ff8542aa000 	C:\WINDOWS\System32\MSCTF.dll
0x00007ff83f2a0000 - 0x00007ff83f2e8000 	C:\Program Files (x86)\TeamViewer\tv_x64.dll
0x00007ff856570000 - 0x00007ff8566a8000 	C:\WINDOWS\System32\ole32.dll
0x00007ff850250000 - 0x00007ff850276000 	C:\WINDOWS\system32\dwmapi.dll
0x0000000065980000 - 0x00000000659c7000 	C:\Program Files\Java\jre1.8.0_101\bin\fontmanager.dll
0x00007ff83ff60000 - 0x00007ff8400ed000 	C:\WINDOWS\system32\d3d9.dll
0x00007ff82fa10000 - 0x00007ff830ab3000 	C:\WINDOWS\System32\DriverStore\FileRepository\nvamwu.inf_amd64_d4715679184092a8\nvd3dumx.dll
0x00007ff84a390000 - 0x00007ff84a4f0000 	C:\Program Files (x86)\NVIDIA Corporation\3D Vision\nvSCPAPI64.dll
0x00007ff855940000 - 0x00007ff855d69000 	C:\WINDOWS\System32\SETUPAPI.dll
0x00007ff84be00000 - 0x00007ff84c1dc000 	C:\WINDOWS\system32\nvapi64.dll
0x00007ff851e40000 - 0x00007ff851edf000 	C:\WINDOWS\SYSTEM32\dxgi.dll
0x00007ff851ab0000 - 0x00007ff851ad8000 	C:\WINDOWS\SYSTEM32\DEVOBJ.dll
0x00007ff8538f0000 - 0x00007ff853945000 	C:\WINDOWS\System32\WINTRUST.dll
0x00007ff852ee0000 - 0x00007ff852ef0000 	C:\WINDOWS\System32\MSASN1.dll
0x00007ff853a50000 - 0x00007ff853c19000 	C:\WINDOWS\System32\CRYPT32.dll
0x0000000180000000 - 0x00000001801a7000 	C:\WINDOWS\system32\nvspcap64.dll
0x00007ff849d00000 - 0x00007ff849dcd000 	C:\WINDOWS\SYSTEM32\WINHTTP.dll
0x00007ff852b30000 - 0x00007ff852b5c000 	C:\WINDOWS\SYSTEM32\SspiCli.dll
0x0000000066d70000 - 0x0000000066d8a000 	C:\Program Files\Java\jre1.8.0_101\bin\net.dll
0x0000000066300000 - 0x0000000066311000 	C:\Program Files\Java\jre1.8.0_101\bin\nio.dll
0x0000000065930000 - 0x0000000065972000 	C:\Program Files\Java\jre1.8.0_101\bin\t2k.dll
0x00007ff855d70000 - 0x00007ff855e0f000 	C:\WINDOWS\System32\clbcatq.dll
0x00007ff84f850000 - 0x00007ff84f9f8000 	C:\WINDOWS\SYSTEM32\WindowsCodecs.dll
0x00007ff83b500000 - 0x00007ff83b549000 	C:\WINDOWS\system32\dataexchange.dll
0x00007ff850c90000 - 0x00007ff850de1000 	C:\WINDOWS\system32\dcomp.dll
0x00007ff8504d0000 - 0x00007ff850786000 	C:\WINDOWS\system32\d3d11.dll
0x00007ff851840000 - 0x00007ff85195c000 	C:\WINDOWS\system32\twinapi.appcore.dll
0x00007ff8408c0000 - 0x00007ff840917000 	C:\Users\Kerfuffle\AppData\Local\Temp\lwjglKerfuffle\3.1.1-build-16\lwjgl.dll
0x00007ff852950000 - 0x00007ff85295b000 	C:\WINDOWS\SYSTEM32\CRYPTBASE.DLL
0x00007ff847c00000 - 0x00007ff847c3e000 	C:\Users\KERFUF~1\AppData\Local\Temp\lwjglKerfuffle\3.1.1-build-16\jemalloc.dll
0x00007ff83fda0000 - 0x00007ff83fddc000 	C:\Users\KERFUF~1\AppData\Local\Temp\lwjglKerfuffle\3.1.1-build-16\glfw.dll
0x00007ff83fd60000 - 0x00007ff83fda0000 	C:\WINDOWS\SYSTEM32\dinput8.dll
0x00007ff850ae0000 - 0x00007ff850aee000 	C:\WINDOWS\SYSTEM32\xinput1_4.dll
0x00007ff851da0000 - 0x00007ff851dac000 	C:\WINDOWS\SYSTEM32\HID.DLL
0x00007ff82f0b0000 - 0x00007ff82f1d3000 	C:\WINDOWS\SYSTEM32\opengl32.dll
0x00007ff84f430000 - 0x00007ff84f45d000 	C:\WINDOWS\SYSTEM32\GLU32.dll
0x00007ff82efb0000 - 0x00007ff82f0a7000 	C:\WINDOWS\SYSTEM32\DDRAW.dll
0x00007ff850ad0000 - 0x00007ff850ad8000 	C:\WINDOWS\SYSTEM32\DCIMAN32.dll
0x0000000063ac0000 - 0x000000006592c000 	C:\WINDOWS\SYSTEM32\nvoglv64.DLL
0x00007ff843ee0000 - 0x00007ff844072000 	C:\WINDOWS\SYSTEM32\dbghelp.dll
0x00007ff84ff70000 - 0x00007ff84ff83000 	C:\WINDOWS\SYSTEM32\WTSAPI32.dll
0x00007ff852260000 - 0x00007ff852292000 	C:\WINDOWS\SYSTEM32\ntmarta.dll
0x00007ff852da0000 - 0x00007ff852df6000 	C:\WINDOWS\SYSTEM32\WINSTA.dll
0x00007ff83fd00000 - 0x00007ff83fd5f000 	C:\Users\Kerfuffle\AppData\Local\Temp\lwjglKerfuffle\3.1.1-build-16\lwjgl_opengl.dll
0x0000000063a10000 - 0x0000000063ab2000 	C:\Program Files\Java\jre1.8.0_101\bin\mlib_image.dll

VM Arguments:
jvm_args: -agentlib:jdwp=transport=dt_socket,suspend=y,address=localhost:51954 -Djava.library.path=C:\Users\Kerfuffle\Documents\GitHub\FastGames\Code\LitterBox\libs;C:\Users\Kerfuffle\Documents\GitHub\FastGames\Code\LitterBox\libs;C:\Users\Kerfuffle\Documents\GitHub\FastGames\Code\LitterBox\libs -Dfile.encoding=Cp1252 
java_command: net.kerfuffle.LitterBox.Main
java_class_path (initial): C:\Users\Kerfuffle\Documents\GitHub\FastGames\Code\LitterBox\bin;C:\Users\Kerfuffle\Documents\GitHub\FastGames\Code\LitterBox\libs\lwjgl-assimp-javadoc.jar;C:\Users\Kerfuffle\Documents\GitHub\FastGames\Code\LitterBox\libs\lwjgl-assimp-natives-windows.jar;C:\Users\Kerfuffle\Documents\GitHub\FastGames\Code\LitterBox\libs\lwjgl-assimp-sources.jar;C:\Users\Kerfuffle\Documents\GitHub\FastGames\Code\LitterBox\libs\lwjgl-assimp.jar;C:\Users\Kerfuffle\Documents\GitHub\FastGames\Code\LitterBox\libs\lwjgl-bgfx-javadoc.jar;C:\Users\Kerfuffle\Documents\GitHub\FastGames\Code\LitterBox\libs\lwjgl-bgfx-natives-windows.jar;C:\Users\Kerfuffle\Documents\GitHub\FastGames\Code\LitterBox\libs\lwjgl-bgfx-sources.jar;C:\Users\Kerfuffle\Documents\GitHub\FastGames\Code\LitterBox\libs\lwjgl-bgfx.jar;C:\Users\Kerfuffle\Documents\GitHub\FastGames\Code\LitterBox\libs\lwjgl-egl-javadoc.jar;C:\Users\Kerfuffle\Documents\GitHub\FastGames\Code\LitterBox\libs\lwjgl-egl-sources.jar;C:\Users\Kerfuffle\Documents\GitHub\FastGames\Code\LitterBox\libs\lwjgl-egl.jar;C:\Users\Kerfuffle\Documents\GitHub\FastGames\Code\LitterBox\libs\lwjgl-glfw-javadoc.jar;C:\Users\Kerfuffle\Documents\GitHub\FastGames\Code\LitterBox\libs\lwjgl-glfw-natives-windows.jar;C:\Users\Kerfuffle\Documents\GitHub\FastGames\Code\LitterBox\libs\lwjgl-glfw-sources.jar;C:\Users\Kerfuffle\Documents\GitHub\FastGames\Code\LitterBox\libs\lwjgl-glfw.jar;C:\Users\Kerfuffle\Documents\GitHub\FastGames\Code\LitterBox\libs\lwjgl-javadoc.jar;C:\Users\Kerfuffle\Documents\GitHub\FastGames\Code\LitterBox\libs\lwjgl-jawt-javadoc.jar;C:\Users\Kerfuffle\Documents\GitHub\FastGames\Code\LitterBox\libs\lwjgl-jawt-sources.jar;C:\Users\Kerfuffle\Documents\GitHub\FastGames\Code\LitterBox\libs\lwjgl-jawt.jar;C:\Users\Kerfuffle\Documents\GitHub\FastGames\Code\LitterBox\libs\lwjgl-jemalloc-javadoc.jar;C:\Users\Kerfuffle\Documents\GitHub\FastGames\Code\LitterBox\libs\lwjgl-jemalloc-natives-windows.jar;C:\Users\Kerfuffle\Documents\GitHub\F
Launcher Type: SUN_STANDARD

Environment Variables:
JAVA_HOME=C:\NVPACK\jdk1.7.0_71
PATH=C:/Program Files/Java/jre1.8.0_101/bin/server;C:/Program Files/Java/jre1.8.0_101/bin;C:/Program Files/Java/jre1.8.0_101/lib/amd64;C:\ProgramData\Oracle\Java\javapath;C:\Program Files (x86)\Intel\iCLS Client\;C:\Program Files\Intel\iCLS Client\;C:\Windows\system32;C:\Windows;C:\Windows\System32\Wbem;C:\Windows\System32\WindowsPowerShell\v1.0\;C:\Program Files (x86)\NVIDIA Corporation\PhysX\Common;C:\Program Files (x86)\Intel\Intel(R) Management Engine Components\DAL;C:\Program Files\Intel\Intel(R) Management Engine Components\DAL;C:\Program Files (x86)\Intel\Intel(R) Management Engine Components\IPT;C:\Program Files\Intel\Intel(R) Management Engine Components\IPT;C:\WINDOWS\system32;C:\WINDOWS;C:\WINDOWS\System32\Wbem;C:\WINDOWS\System32\WindowsPowerShell\v1.0\;C:\Program Files (x86)\Autodesk\Backburner\;C:\Program Files (x86)\Skype\Phone\;C:\Program Files\Intel\WiFi\bin\;C:\Program Files\Common Files\Intel\WirelessCommon\;C:\NVPACK\gradle-2.2.1\bin;C:\NVPACK\apache-ant-1.8.2\bin;C:\NVPACK\jdk1.7.0_71\bin;C:\NVPACK\android-ndk-r10e;C:\NVPACK\android-sdk-windows\extras\android\support;C:\NVPACK\android-sdk-windows\build-tools;C:\NVPACK\android-sdk-windows\platform-tools;C:\NVPACK\android-sdk-windows\tools;;%USERPROFILE%\AppData\Local\Microsoft\WindowsApps;;C:\Users\Kerfuffle\Desktop;
USERNAME=Kerfuffle
OS=Windows_NT
PROCESSOR_IDENTIFIER=Intel64 Family 6 Model 60 Stepping 3, GenuineIntel



---------------  S Y S T E M  ---------------

OS: Windows 10.0 , 64 bit Build 14393 (10.0.14393.1198)

CPU:total 8 (4 cores per cpu, 2 threads per core) family 6 model 60 stepping 3, cmov, cx8, fxsr, mmx, sse, sse2, sse3, ssse3, sse4.1, sse4.2, popcnt, avx, avx2, aes, clmul, erms, lzcnt, ht, tsc, tscinvbit, bmi1, bmi2

Memory: 4k page, physical 16725096k(12427096k free), swap 19215464k(13105544k free)

vm_info: Java HotSpot(TM) 64-Bit Server VM (25.101-b13) for windows-amd64 JRE (1.8.0_101-b13), built on Jun 22 2016 01:21:29 by "java_re" with MS VC++ 10.0 (VS2010)

time: Mon Jul 03 02:40:58 2017
elapsed time: 20 seconds (0d 0h 0m 20s)

