#
# A fatal error has been detected by the Java Runtime Environment:
#
#  EXCEPTION_ACCESS_VIOLATION (0xc0000005) at pc=0x00007ffd78130da3, pid=2652, tid=0x00000000000028ac
#
# JRE version: Java(TM) SE Runtime Environment (8.0_101-b13) (build 1.8.0_101-b13)
# Java VM: Java HotSpot(TM) 64-Bit Server VM (25.101-b13 mixed mode windows-amd64 compressed oops)
# Problematic frame:
# C  [lwjgl_opengl.dll+0x10da3]
#
# Failed to write core dump. Minidumps are not enabled by default on client versions of Windows
#
# If you would like to submit a bug report, please visit:
#   http://bugreport.java.com/bugreport/crash.jsp
# The crash happened outside the Java Virtual Machine in native code.
# See problematic frame for where to report the bug.
#

---------------  T H R E A D  ---------------

Current thread (0x000000001e9bf800):  JavaThread "LitterBoxClient" [_thread_in_native, id=10412, stack(0x0000000026e00000,0x0000000026f00000)]

siginfo: ExceptionCode=0xc0000005, reading address 0x00000000000034e8

Registers:
RAX=0x0000000070b0ed50, RBX=0x0000000026310ef0, RCX=0x0000000000000000, RDX=0x0000000026eff340
RSP=0x0000000026eff2a8, RBP=0x0000000026eff330, RSI=0x0000000000200021, RDI=0x0000000002dd83fd
R8 =0x0000000000000006, R9 =0x000000001eb35150, R10=0x0000000002df0fc0, R11=0x000000007059b4a0
R12=0x0000000000000000, R13=0x0000000026310ef0, R14=0x0000000026eff360, R15=0x000000001e9bf800
RIP=0x00007ffd78130da3, EFLAGS=0x0000000000010206

Top of Stack: (sp=0x0000000026eff2a8)
0x0000000026eff2a8:   0000000002df0fec 0000000002dd83fd
0x0000000026eff2b8:   0000000002df0a3d 000000001e9bf800
0x0000000026eff2c8:   0000000026310ef0 0000000000000000
0x0000000026eff2d8:   000000001e9bf800 0000000026eff3c8
0x0000000026eff2e8:   0000000002df0a02 0000000026eff2f0
0x0000000026eff2f8:   0000000026310ef0 0000000026eff360
0x0000000026eff308:   0000000026333da0 0000000000000000
0x0000000026eff318:   0000000026310ef0 0000000000000000
0x0000000026eff328:   0000000026eff350 0000000026eff3a8
0x0000000026eff338:   0000000002dd83fd 000000076bff4f60
0x0000000026eff348:   0000000002de71b8 0000000000000000
0x0000000026eff358:   00000000c1c80000 00000000c1c80000
0x0000000026eff368:   0000000026eff368 0000000026310f8b
0x0000000026eff378:   0000000026eff3c8 0000000026333da0
0x0000000026eff388:   0000000000000000 0000000026310fc0
0x0000000026eff398:   0000000026eff350 0000000026eff3b8 

Instructions: (pc=0x00007ffd78130da3)
0x00007ffd78130d83:   00 00 48 83 c4 50 5b c3 cc cc cc cc cc 48 8b 01
0x00007ffd78130d93:   0f 28 c2 f3 0f 10 54 24 28 0f 28 cb 48 8b 48 18
0x00007ffd78130da3:   48 ff a1 e8 34 00 00 cc cc cc cc cc cc 48 8b 01
0x00007ffd78130db3:   0f 28 c2 f2 0f 10 54 24 28 0f 28 cb 48 8b 48 18 


Register to memory mapping:

RAX=0x0000000070b0ed50 is an unknown value
RBX={method} {0x0000000026310ef8} 'nglTranslatef' '(FFF)V' in 'org/lwjgl/opengl/GL11'
RCX=0x0000000000000000 is an unknown value
RDX=0x0000000026eff340 is pointing into the stack for thread: 0x000000001e9bf800
RSP=0x0000000026eff2a8 is pointing into the stack for thread: 0x000000001e9bf800
RBP=0x0000000026eff330 is pointing into the stack for thread: 0x000000001e9bf800
RSI=0x0000000000200021 is an unknown value
RDI=0x0000000002dd83fd is at code_begin+2301 in an Interpreter codelet
invoke return entry points  [0x0000000002dd7b00, 0x0000000002dd84e0]  2528 bytes
R8 =0x0000000000000006 is an unknown value
R9 =0x000000001eb35150 is an unknown value
R10=0x0000000002df0fc0 is at code_begin+1632 in an Interpreter codelet
method entry point (kind = native)  [0x0000000002df0960, 0x0000000002df1980]  4128 bytes
R11=0x000000007059b4a0 is an unknown value
R12=0x0000000000000000 is an unknown value
R13={method} {0x0000000026310ef8} 'nglTranslatef' '(FFF)V' in 'org/lwjgl/opengl/GL11'
R14=0x0000000026eff360 is pointing into the stack for thread: 0x000000001e9bf800
R15=0x000000001e9bf800 is a thread


Stack: [0x0000000026e00000,0x0000000026f00000],  sp=0x0000000026eff2a8,  free space=1020k
Native frames: (J=compiled Java code, j=interpreted, Vv=VM code, C=native code)
C  [lwjgl_opengl.dll+0x10da3]

Java frames: (J=compiled Java code, j=interpreted, Vv=VM code)
j  org.lwjgl.opengl.GL11.nglTranslatef(FFF)V+0
j  org.lwjgl.opengl.GL11.glTranslatef(FFF)V+3
j  net.kerfuffle.Utilities.GUI.Player.<init>(Lnet/kerfuffle/Utilities/GUI/Quad;IIIIZ)V+78
j  net.kerfuffle.LitterBox.Player.<init>(Ljava/lang/String;Lnet/kerfuffle/Utilities/GUI/Quad;Lnet/kerfuffle/Utilities/GUI/Text/Font;Lnet/kerfuffle/LitterBox/SendThread;)V+11
j  net.kerfuffle.LitterBox.Game.setLocalPlayer(Ljava/lang/String;FFFF)V+37
j  net.kerfuffle.LitterBox.Main$2.run(Lnet/kerfuffle/Utilities/Network/Packet;)V+74
j  net.kerfuffle.Utilities.Network.Client.run()V+22
j  java.lang.Thread.run()V+11
v  ~StubRoutines::call_stub

---------------  P R O C E S S  ---------------

Java Threads: ( => current thread )
=>0x000000001e9bf800 JavaThread "LitterBoxClient" [_thread_in_native, id=10412, stack(0x0000000026e00000,0x0000000026f00000)]
  0x000000001e867000 JavaThread "LitterBoxSend" [_thread_in_Java, id=12904, stack(0x0000000026d00000,0x0000000026e00000)]
  0x0000000020dc8000 JavaThread "TimerQueue" daemon [_thread_blocked, id=14828, stack(0x0000000026c00000,0x0000000026d00000)]
  0x0000000020da7800 JavaThread "D3D Screen Updater" daemon [_thread_blocked, id=7648, stack(0x00000000269f0000,0x0000000026af0000)]
  0x0000000020cf7000 JavaThread "AWT-EventQueue-0" [_thread_blocked, id=10016, stack(0x0000000026060000,0x0000000026160000)]
  0x000000001eb5b000 JavaThread "AWT-Windows" daemon [_thread_in_native, id=15164, stack(0x0000000020190000,0x0000000020290000)]
  0x000000001eb5a000 JavaThread "AWT-Shutdown" [_thread_blocked, id=12032, stack(0x0000000020090000,0x0000000020190000)]
  0x000000001eb59000 JavaThread "Java2D Disposer" daemon [_thread_blocked, id=14092, stack(0x000000001ff90000,0x0000000020090000)]
  0x000000001e84f800 JavaThread "Service Thread" daemon [_thread_blocked, id=14580, stack(0x000000001f990000,0x000000001fa90000)]
  0x000000001e7c2800 JavaThread "C1 CompilerThread3" daemon [_thread_blocked, id=12672, stack(0x000000001f890000,0x000000001f990000)]
  0x000000001e7be800 JavaThread "C2 CompilerThread2" daemon [_thread_in_native, id=13008, stack(0x000000001f790000,0x000000001f890000)]
  0x000000001e7be000 JavaThread "C2 CompilerThread1" daemon [_thread_in_native, id=9240, stack(0x000000001f690000,0x000000001f790000)]
  0x000000001e7b9000 JavaThread "C2 CompilerThread0" daemon [_thread_in_native, id=14152, stack(0x000000001f590000,0x000000001f690000)]
  0x000000001e7aa000 JavaThread "JDWP Command Reader" daemon [_thread_in_native, id=9620, stack(0x000000001f490000,0x000000001f590000)]
  0x000000001e7a3000 JavaThread "JDWP Event Helper Thread" daemon [_thread_blocked, id=12008, stack(0x000000001f390000,0x000000001f490000)]
  0x000000001e796000 JavaThread "JDWP Transport Listener: dt_socket" daemon [_thread_blocked, id=9104, stack(0x000000001f290000,0x000000001f390000)]
  0x000000001e78d800 JavaThread "Attach Listener" daemon [_thread_blocked, id=1744, stack(0x000000001ee50000,0x000000001ef50000)]
  0x000000001c88e800 JavaThread "Signal Dispatcher" daemon [_thread_blocked, id=14788, stack(0x000000001ed50000,0x000000001ee50000)]
  0x0000000002dcd800 JavaThread "Finalizer" daemon [_thread_blocked, id=13320, stack(0x000000001eb60000,0x000000001ec60000)]
  0x0000000002dcc800 JavaThread "Reference Handler" daemon [_thread_blocked, id=6344, stack(0x000000001e660000,0x000000001e760000)]
  0x0000000002cd5000 JavaThread "main" [_thread_in_native, id=12348, stack(0x0000000002bd0000,0x0000000002cd0000)]

Other Threads:
  0x000000001c87a000 VMThread [stack: 0x000000001e560000,0x000000001e660000] [id=12696]
  0x000000001e86c800 WatcherThread [stack: 0x000000001fa90000,0x000000001fb90000] [id=10500]

VM state:not at safepoint (normal execution)

VM Mutex/Monitor currently owned by a thread: None

Heap:
 PSYoungGen      total 76288K, used 20972K [0x000000076af00000, 0x0000000770400000, 0x00000007c0000000)
  eden space 65536K, 32% used [0x000000076af00000,0x000000076c37b348,0x000000076ef00000)
  from space 10752K, 0% used [0x000000076f980000,0x000000076f980000,0x0000000770400000)
  to   space 10752K, 0% used [0x000000076ef00000,0x000000076ef00000,0x000000076f980000)
 ParOldGen       total 175104K, used 0K [0x00000006c0c00000, 0x00000006cb700000, 0x000000076af00000)
  object space 175104K, 0% used [0x00000006c0c00000,0x00000006c0c00000,0x00000006cb700000)
 Metaspace       used 12433K, capacity 12638K, committed 12928K, reserved 1060864K
  class space    used 1538K, capacity 1624K, committed 1664K, reserved 1048576K

Card table byte_map: [0x0000000012190000,0x0000000012990000] byte_map_base: 0x000000000eb8a000

Marking Bits: (ParMarkBitMap*) 0x0000000070b8a6d0
 Begin Bits: [0x00000000136f0000, 0x00000000176c0000)
 End Bits:   [0x00000000176c0000, 0x000000001b690000)

Polling page: 0x0000000002b20000

CodeCache: size=245760Kb used=3238Kb max_used=3238Kb free=242521Kb
 bounds [0x0000000002dd0000, 0x0000000003100000, 0x0000000011dd0000]
 total_blobs=1450 nmethods=904 adapters=467
 compilation: enabled

Compilation events (10 events):
Event: 6.701 Thread 0x000000001e7be800  905   !   4       sun.misc.URLClassPath$JarLoader::getResource (85 bytes)
Event: 6.702 Thread 0x000000001e7c2800 nmethod 906 0x00000000030ef850 code [0x00000000030efd80, 0x00000000030f4a78]
Event: 6.702 Thread 0x000000001e7c2800  907       3       java.lang.String::equalsIgnoreCase (48 bytes)
Event: 6.702 Thread 0x000000001e7c2800 nmethod 907 0x00000000030eeb10 code [0x00000000030eec80, 0x00000000030eefe8]
Event: 6.703 Thread 0x000000001e7c2800  911       3       java.lang.String::concat (47 bytes)
Event: 6.703 Thread 0x000000001e7c2800 nmethod 911 0x00000000030edd90 code [0x00000000030edf60, 0x00000000030ee758]
Event: 6.703 Thread 0x000000001e7c2800  913       1       java.nio.charset.CharsetDecoder::implReset (1 bytes)
Event: 6.704 Thread 0x000000001e7c2800 nmethod 913 0x0000000002fc2510 code [0x0000000002fc2660, 0x0000000002fc2770]
Event: 6.704 Thread 0x000000001e7c2800  912       3       java.lang.String::getChars (16 bytes)
Event: 6.704 Thread 0x000000001e7c2800 nmethod 912 0x00000000030ed910 code [0x00000000030eda80, 0x00000000030edca8]

GC Heap History (0 events):
No events

Deoptimization events (7 events):
Event: 0.137 Thread 0x0000000002cd5000 Uncommon trap: reason=unstable_if action=reinterpret pc=0x0000000002ee73c4 method=java.lang.String.hashCode()I @ 14
Event: 0.247 Thread 0x0000000002cd5000 Uncommon trap: reason=null_check action=make_not_entrant pc=0x0000000002f49020 method=java.lang.String.equals(Ljava/lang/Object;)Z @ 8
Event: 1.263 Thread 0x0000000020cf7000 Uncommon trap: reason=class_check action=maybe_recompile pc=0x0000000002f64510 method=java.lang.String.equals(Ljava/lang/Object;)Z @ 8
Event: 1.263 Thread 0x0000000020cf7000 Uncommon trap: reason=class_check action=maybe_recompile pc=0x0000000002f64510 method=java.lang.String.equals(Ljava/lang/Object;)Z @ 8
Event: 1.408 Thread 0x0000000020cf7000 Uncommon trap: reason=class_check action=maybe_recompile pc=0x0000000002f64510 method=java.lang.String.equals(Ljava/lang/Object;)Z @ 8
Event: 1.408 Thread 0x0000000020cf7000 Uncommon trap: reason=class_check action=maybe_recompile pc=0x0000000002f64510 method=java.lang.String.equals(Ljava/lang/Object;)Z @ 8
Event: 6.594 Thread 0x000000001e867000 Uncommon trap: reason=unstable_if action=reinterpret pc=0x00000000030376f8 method=net.kerfuffle.LitterBox.SendThread.run()V @ 10

Internal exceptions (10 events):
Event: 0.247 Thread 0x0000000002cd5000 Implicit null exception at 0x0000000002f48d60 to 0x0000000002f49011
Event: 0.253 Thread 0x0000000002cd5000 Exception <a 'java/io/FileNotFoundException'> (0x000000076b57b0e0) thrown at [C:\re\workspace\8-2-build-windows-amd64-cygwin\jdk8u101\7261\hotspot\src\share\vm\prims\jni.cpp, line 709]
Event: 6.695 Thread 0x000000001e9bf800 Exception <a 'sun/nio/fs/WindowsException'> (0x000000076c172c80) thrown at [C:\re\workspace\8-2-build-windows-amd64-cygwin\jdk8u101\7261\hotspot\src\share\vm\prims\jni.cpp, line 709]
Event: 6.696 Thread 0x000000001e9bf800 Exception <a 'sun/nio/fs/WindowsException'> (0x000000076c1734b0) thrown at [C:\re\workspace\8-2-build-windows-amd64-cygwin\jdk8u101\7261\hotspot\src\share\vm\prims\jni.cpp, line 709]
Event: 6.696 Thread 0x000000001e9bf800 Exception <a 'sun/nio/fs/WindowsException'> (0x000000076c174da8) thrown at [C:\re\workspace\8-2-build-windows-amd64-cygwin\jdk8u101\7261\hotspot\src\share\vm\prims\jni.cpp, line 709]
Event: 6.696 Thread 0x000000001e9bf800 Exception <a 'sun/nio/fs/WindowsException'> (0x000000076c1753d8) thrown at [C:\re\workspace\8-2-build-windows-amd64-cygwin\jdk8u101\7261\hotspot\src\share\vm\prims\jni.cpp, line 709]
Event: 6.696 Thread 0x000000001e9bf800 Exception <a 'sun/nio/fs/WindowsException'> (0x000000076c175fc8) thrown at [C:\re\workspace\8-2-build-windows-amd64-cygwin\jdk8u101\7261\hotspot\src\share\vm\prims\jni.cpp, line 709]
Event: 6.696 Thread 0x000000001e9bf800 Exception <a 'sun/nio/fs/WindowsException'> (0x000000076c1765f8) thrown at [C:\re\workspace\8-2-build-windows-amd64-cygwin\jdk8u101\7261\hotspot\src\share\vm\prims\jni.cpp, line 709]
Event: 6.696 Thread 0x000000001e9bf800 Exception <a 'sun/nio/fs/WindowsException'> (0x000000076c1771e8) thrown at [C:\re\workspace\8-2-build-windows-amd64-cygwin\jdk8u101\7261\hotspot\src\share\vm\prims\jni.cpp, line 709]
Event: 6.697 Thread 0x000000001e9bf800 Exception <a 'sun/nio/fs/WindowsException'> (0x000000076c177818) thrown at [C:\re\workspace\8-2-build-windows-amd64-cygwin\jdk8u101\7261\hotspot\src\share\vm\prims\jni.cpp, line 709]

Events (10 events):
Event: 6.702 Executing VM operation: RevokeBias done
Event: 6.703 Executing VM operation: BulkRevokeBias
Event: 6.703 Executing VM operation: BulkRevokeBias done
Event: 6.703 loading class org/lwjgl/system/SharedLibrary$Delegate
Event: 6.703 loading class org/lwjgl/system/SharedLibrary$Delegate done
Event: 6.703 Thread 0x000000001e9bf800 DEOPT PACKING pc=0x0000000003063a64 sp=0x0000000026ef8320
Event: 6.703 Thread 0x000000001e9bf800 DEOPT UNPACKING pc=0x0000000002e1787f sp=0x0000000026ef8140 mode 1
Event: 6.703 Thread 0x000000001e9bf800 DEOPT PACKING pc=0x00000000030637fc sp=0x0000000026ef84b0
Event: 6.703 Thread 0x000000001e9bf800 DEOPT UNPACKING pc=0x0000000002e1787f sp=0x0000000026ef82d0 mode 1
Event: 6.703 Thread 0x000000001e7c2800 flushing nmethod 0x0000000002fc2510


Dynamic libraries:
0x00007ff63dcb0000 - 0x00007ff63dce7000 	C:\Program Files\Java\jre1.8.0_101\bin\javaw.exe
0x00007ffd91600000 - 0x00007ffd917d1000 	C:\WINDOWS\SYSTEM32\ntdll.dll
0x00007ffd8f560000 - 0x00007ffd8f60c000 	C:\WINDOWS\System32\KERNEL32.DLL
0x00007ffd8de80000 - 0x00007ffd8e09d000 	C:\WINDOWS\System32\KERNELBASE.dll
0x00007ffd8f690000 - 0x00007ffd8f732000 	C:\WINDOWS\System32\ADVAPI32.dll
0x00007ffd910c0000 - 0x00007ffd9115e000 	C:\WINDOWS\System32\msvcrt.dll
0x00007ffd8f780000 - 0x00007ffd8f7d9000 	C:\WINDOWS\System32\sechost.dll
0x00007ffd914b0000 - 0x00007ffd915d1000 	C:\WINDOWS\System32\RPCRT4.dll
0x00007ffd8eed0000 - 0x00007ffd8f035000 	C:\WINDOWS\System32\USER32.dll
0x00007ffd8e150000 - 0x00007ffd8e16e000 	C:\WINDOWS\System32\win32u.dll
0x00007ffd8f740000 - 0x00007ffd8f774000 	C:\WINDOWS\System32\GDI32.dll
0x00007ffd8ea10000 - 0x00007ffd8eb90000 	C:\WINDOWS\System32\gdi32full.dll
0x00007ffd88190000 - 0x00007ffd8840a000 	C:\WINDOWS\WinSxS\amd64_microsoft.windows.common-controls_6595b64144ccf1df_6.0.14393.953_none_42151e83c686086b\COMCTL32.dll
0x00007ffd90cf0000 - 0x00007ffd90fb8000 	C:\WINDOWS\System32\combase.dll
0x00007ffd8db00000 - 0x00007ffd8dbf5000 	C:\WINDOWS\System32\ucrtbase.dll
0x00007ffd8e170000 - 0x00007ffd8e1da000 	C:\WINDOWS\System32\bcryptPrimitives.dll
0x00007ffd8f100000 - 0x00007ffd8f12e000 	C:\WINDOWS\System32\IMM32.DLL
0x000000006f830000 - 0x000000006f902000 	C:\Program Files\Java\jre1.8.0_101\bin\msvcr100.dll
0x0000000070370000 - 0x0000000070c0a000 	C:\Program Files\Java\jre1.8.0_101\bin\server\jvm.dll
0x00007ffd8ec90000 - 0x00007ffd8ec98000 	C:\WINDOWS\System32\PSAPI.DLL
0x00007ffd7c980000 - 0x00007ffd7c989000 	C:\WINDOWS\SYSTEM32\WSOCK32.dll
0x00007ffd8b970000 - 0x00007ffd8b993000 	C:\WINDOWS\SYSTEM32\WINMM.dll
0x00007ffd88de0000 - 0x00007ffd88dea000 	C:\WINDOWS\SYSTEM32\VERSION.dll
0x00007ffd8f620000 - 0x00007ffd8f68a000 	C:\WINDOWS\System32\WS2_32.dll
0x0000000002af0000 - 0x0000000002b1b000 	C:\WINDOWS\SYSTEM32\WINMMBASE.dll
0x00007ffd8e9c0000 - 0x00007ffd8ea02000 	C:\WINDOWS\System32\cfgmgr32.dll
0x0000000070360000 - 0x000000007036f000 	C:\Program Files\Java\jre1.8.0_101\bin\verify.dll
0x0000000070330000 - 0x0000000070359000 	C:\Program Files\Java\jre1.8.0_101\bin\java.dll
0x000000006f7f0000 - 0x000000006f825000 	C:\Program Files\Java\jre1.8.0_101\bin\jdwp.dll
0x000000006f7e0000 - 0x000000006f7e8000 	C:\Program Files\Java\jre1.8.0_101\bin\npt.dll
0x0000000070310000 - 0x0000000070326000 	C:\Program Files\Java\jre1.8.0_101\bin\zip.dll
0x00007ffd8f7e0000 - 0x00007ffd90ce8000 	C:\WINDOWS\System32\SHELL32.dll
0x00007ffd8e2e0000 - 0x00007ffd8e9ba000 	C:\WINDOWS\System32\windows.storage.dll
0x00007ffd8dab0000 - 0x00007ffd8dafc000 	C:\WINDOWS\System32\powrprof.dll
0x00007ffd8eca0000 - 0x00007ffd8ecf2000 	C:\WINDOWS\System32\shlwapi.dll
0x00007ffd8daa0000 - 0x00007ffd8daaf000 	C:\WINDOWS\System32\kernel.appcore.dll
0x00007ffd8ddd0000 - 0x00007ffd8de79000 	C:\WINDOWS\System32\shcore.dll
0x00007ffd8da80000 - 0x00007ffd8da94000 	C:\WINDOWS\System32\profapi.dll
0x000000006f7d0000 - 0x000000006f7d9000 	C:\Program Files\Java\jre1.8.0_101\bin\dt_socket.dll
0x00007ffd89f40000 - 0x00007ffd89f56000 	C:\WINDOWS\system32\napinsp.dll
0x00007ffd89f60000 - 0x00007ffd89f7a000 	C:\WINDOWS\system32\pnrpnsp.dll
0x00007ffd89a10000 - 0x00007ffd89a28000 	C:\WINDOWS\system32\NLAapi.dll
0x00007ffd8d340000 - 0x00007ffd8d39c000 	C:\WINDOWS\System32\mswsock.dll
0x00007ffd8d100000 - 0x00007ffd8d1a1000 	C:\WINDOWS\SYSTEM32\DNSAPI.dll
0x00007ffd91440000 - 0x00007ffd91448000 	C:\WINDOWS\System32\NSI.dll
0x00007ffd8d0c0000 - 0x00007ffd8d0f8000 	C:\WINDOWS\SYSTEM32\IPHLPAPI.DLL
0x00007ffd8a730000 - 0x00007ffd8a73e000 	C:\WINDOWS\System32\winrnr.dll
0x00007ffd8a740000 - 0x00007ffd8a755000 	C:\WINDOWS\System32\wshbth.dll
0x00007ffd86290000 - 0x00007ffd862fa000 	C:\WINDOWS\System32\fwpuclnt.dll
0x00007ffd8d9b0000 - 0x00007ffd8d9db000 	C:\WINDOWS\SYSTEM32\bcrypt.dll
0x00007ffd7f840000 - 0x00007ffd7f84a000 	C:\Windows\System32\rasadhlp.dll
0x000000006f630000 - 0x000000006f7c8000 	C:\Program Files\Java\jre1.8.0_101\bin\awt.dll
0x00007ffd8f040000 - 0x00007ffd8f0ff000 	C:\WINDOWS\System32\OLEAUT32.dll
0x00007ffd8e1e0000 - 0x00007ffd8e27c000 	C:\WINDOWS\System32\msvcp_win.dll
0x00007ffd8c050000 - 0x00007ffd8c0ca000 	C:\WINDOWS\SYSTEM32\apphelp.dll
0x00007ffd8c1f0000 - 0x00007ffd8c285000 	C:\WINDOWS\system32\uxtheme.dll
0x00007ffd8ed70000 - 0x00007ffd8eeca000 	C:\WINDOWS\System32\MSCTF.dll
0x00007ffd81820000 - 0x00007ffd818bd000 	C:\ProgramData\SplitmediaLabs\XSplit\Components4\x64\fraps64.dll
0x00007ffd91300000 - 0x00007ffd91438000 	C:\WINDOWS\System32\ole32.dll
0x00007ffd7a9e0000 - 0x00007ffd7aa28000 	C:\Program Files (x86)\TeamViewer\tv_x64.dll
0x00007ffd8b790000 - 0x00007ffd8b7b6000 	C:\WINDOWS\system32\dwmapi.dll
0x000000006f5e0000 - 0x000000006f627000 	C:\Program Files\Java\jre1.8.0_101\bin\fontmanager.dll
0x00007ffd67ae0000 - 0x00007ffd67c6d000 	C:\WINDOWS\system32\d3d9.dll
0x00007ffd5bda0000 - 0x00007ffd5ce43000 	C:\WINDOWS\System32\DriverStore\FileRepository\nvamwu.inf_amd64_d4715679184092a8\nvd3dumx.dll
0x00007ffd81230000 - 0x00007ffd81390000 	C:\Program Files (x86)\NVIDIA Corporation\3D Vision\nvSCPAPI64.dll
0x00007ffd8f130000 - 0x00007ffd8f559000 	C:\WINDOWS\System32\SETUPAPI.dll
0x00007ffd86bc0000 - 0x00007ffd86f9c000 	C:\WINDOWS\system32\nvapi64.dll
0x00007ffd8caa0000 - 0x00007ffd8cb3f000 	C:\WINDOWS\SYSTEM32\dxgi.dll
0x00007ffd8c6a0000 - 0x00007ffd8c6c8000 	C:\WINDOWS\SYSTEM32\DEVOBJ.dll
0x00007ffd8e280000 - 0x00007ffd8e2d5000 	C:\WINDOWS\System32\WINTRUST.dll
0x00007ffd8da70000 - 0x00007ffd8da80000 	C:\WINDOWS\System32\MSASN1.dll
0x00007ffd8dc00000 - 0x00007ffd8ddc9000 	C:\WINDOWS\System32\CRYPT32.dll
0x0000000180000000 - 0x00000001801a7000 	C:\WINDOWS\system32\nvspcap64.dll
0x00007ffd83090000 - 0x00007ffd8315d000 	C:\WINDOWS\SYSTEM32\WINHTTP.dll
0x00007ffd8d6e0000 - 0x00007ffd8d70c000 	C:\WINDOWS\SYSTEM32\SspiCli.dll
0x00000000702f0000 - 0x000000007030a000 	C:\Program Files\Java\jre1.8.0_101\bin\net.dll
0x00000000702d0000 - 0x00000000702e1000 	C:\Program Files\Java\jre1.8.0_101\bin\nio.dll
0x000000006f590000 - 0x000000006f5d2000 	C:\Program Files\Java\jre1.8.0_101\bin\t2k.dll
0x00007ffd8ebf0000 - 0x00007ffd8ec8f000 	C:\WINDOWS\System32\clbcatq.dll
0x00007ffd8ad70000 - 0x00007ffd8af18000 	C:\WINDOWS\SYSTEM32\WindowsCodecs.dll
0x00007ffd82a70000 - 0x00007ffd82ab9000 	C:\WINDOWS\system32\dataexchange.dll
0x00007ffd8b530000 - 0x00007ffd8b681000 	C:\WINDOWS\system32\dcomp.dll
0x00007ffd87d80000 - 0x00007ffd88036000 	C:\WINDOWS\system32\d3d11.dll
0x00007ffd8c3f0000 - 0x00007ffd8c50c000 	C:\WINDOWS\system32\twinapi.appcore.dll
0x00007ffd790d0000 - 0x00007ffd79127000 	C:\Users\Kerfuffle\AppData\Local\Temp\lwjglKerfuffle\3.1.1-build-16\lwjgl.dll
0x00007ffd8d500000 - 0x00007ffd8d50b000 	C:\WINDOWS\SYSTEM32\CRYPTBASE.DLL
0x00007ffd78120000 - 0x00007ffd7817f000 	C:\Users\Kerfuffle\AppData\Local\Temp\lwjglKerfuffle\3.1.1-build-16\lwjgl_opengl.dll
0x00007ffd724b0000 - 0x00007ffd725d3000 	C:\WINDOWS\SYSTEM32\opengl32.dll
0x00007ffd75890000 - 0x00007ffd758bd000 	C:\WINDOWS\SYSTEM32\GLU32.dll
0x00007ffd729b0000 - 0x00007ffd72aa7000 	C:\WINDOWS\SYSTEM32\DDRAW.dll
0x00007ffd8a9b0000 - 0x00007ffd8a9b8000 	C:\WINDOWS\SYSTEM32\DCIMAN32.dll
0x00007ffd84c50000 - 0x00007ffd84c8e000 	C:\Users\KERFUF~1\AppData\Local\Temp\lwjglKerfuffle\3.1.1-build-16\jemalloc.dll
0x00007ffd869d0000 - 0x00007ffd86b62000 	C:\WINDOWS\SYSTEM32\dbghelp.dll

VM Arguments:
jvm_args: -agentlib:jdwp=transport=dt_socket,suspend=y,address=localhost:58341 -Djava.library.path=C:\Users\Kerfuffle\Documents\GitHub\FastGames\Code\LitterBox\libs;C:\Users\Kerfuffle\Documents\GitHub\FastGames\Code\LitterBox\libs;C:\Users\Kerfuffle\Documents\GitHub\FastGames\Code\LitterBox\libs -Dfile.encoding=Cp1252 
java_command: net.kerfuffle.LitterBox.Main
java_class_path (initial): C:\Users\Kerfuffle\Documents\GitHub\FastGames\Code\LitterBox\bin;C:\Users\Kerfuffle\Documents\GitHub\FastGames\Code\LitterBox\libs\lwjgl-assimp-javadoc.jar;C:\Users\Kerfuffle\Documents\GitHub\FastGames\Code\LitterBox\libs\lwjgl-assimp-natives-windows.jar;C:\Users\Kerfuffle\Documents\GitHub\FastGames\Code\LitterBox\libs\lwjgl-assimp-sources.jar;C:\Users\Kerfuffle\Documents\GitHub\FastGames\Code\LitterBox\libs\lwjgl-assimp.jar;C:\Users\Kerfuffle\Documents\GitHub\FastGames\Code\LitterBox\libs\lwjgl-bgfx-javadoc.jar;C:\Users\Kerfuffle\Documents\GitHub\FastGames\Code\LitterBox\libs\lwjgl-bgfx-natives-windows.jar;C:\Users\Kerfuffle\Documents\GitHub\FastGames\Code\LitterBox\libs\lwjgl-bgfx-sources.jar;C:\Users\Kerfuffle\Documents\GitHub\FastGames\Code\LitterBox\libs\lwjgl-bgfx.jar;C:\Users\Kerfuffle\Documents\GitHub\FastGames\Code\LitterBox\libs\lwjgl-egl-javadoc.jar;C:\Users\Kerfuffle\Documents\GitHub\FastGames\Code\LitterBox\libs\lwjgl-egl-sources.jar;C:\Users\Kerfuffle\Documents\GitHub\FastGames\Code\LitterBox\libs\lwjgl-egl.jar;C:\Users\Kerfuffle\Documents\GitHub\FastGames\Code\LitterBox\libs\lwjgl-glfw-javadoc.jar;C:\Users\Kerfuffle\Documents\GitHub\FastGames\Code\LitterBox\libs\lwjgl-glfw-natives-windows.jar;C:\Users\Kerfuffle\Documents\GitHub\FastGames\Code\LitterBox\libs\lwjgl-glfw-sources.jar;C:\Users\Kerfuffle\Documents\GitHub\FastGames\Code\LitterBox\libs\lwjgl-glfw.jar;C:\Users\Kerfuffle\Documents\GitHub\FastGames\Code\LitterBox\libs\lwjgl-javadoc.jar;C:\Users\Kerfuffle\Documents\GitHub\FastGames\Code\LitterBox\libs\lwjgl-jawt-javadoc.jar;C:\Users\Kerfuffle\Documents\GitHub\FastGames\Code\LitterBox\libs\lwjgl-jawt-sources.jar;C:\Users\Kerfuffle\Documents\GitHub\FastGames\Code\LitterBox\libs\lwjgl-jawt.jar;C:\Users\Kerfuffle\Documents\GitHub\FastGames\Code\LitterBox\libs\lwjgl-jemalloc-javadoc.jar;C:\Users\Kerfuffle\Documents\GitHub\FastGames\Code\LitterBox\libs\lwjgl-jemalloc-natives-windows.jar;C:\Users\Kerfuffle\Documents\GitHub\F
Launcher Type: SUN_STANDARD

Environment Variables:
JAVA_HOME=C:\NVPACK\jdk1.7.0_71
PATH=C:/Program Files/Java/jre1.8.0_101/bin/server;C:/Program Files/Java/jre1.8.0_101/bin;C:/Program Files/Java/jre1.8.0_101/lib/amd64;C:\ProgramData\Oracle\Java\javapath;C:\Program Files (x86)\Intel\iCLS Client\;C:\Program Files\Intel\iCLS Client\;C:\Windows\system32;C:\Windows;C:\Windows\System32\Wbem;C:\Windows\System32\WindowsPowerShell\v1.0\;C:\Program Files (x86)\NVIDIA Corporation\PhysX\Common;C:\Program Files (x86)\Intel\Intel(R) Management Engine Components\DAL;C:\Program Files\Intel\Intel(R) Management Engine Components\DAL;C:\Program Files (x86)\Intel\Intel(R) Management Engine Components\IPT;C:\Program Files\Intel\Intel(R) Management Engine Components\IPT;C:\WINDOWS\system32;C:\WINDOWS;C:\WINDOWS\System32\Wbem;C:\WINDOWS\System32\WindowsPowerShell\v1.0\;C:\Program Files (x86)\Autodesk\Backburner\;C:\Program Files (x86)\Skype\Phone\;C:\Program Files\Intel\WiFi\bin\;C:\Program Files\Common Files\Intel\WirelessCommon\;C:\NVPACK\gradle-2.2.1\bin;C:\NVPACK\apache-ant-1.8.2\bin;C:\NVPACK\jdk1.7.0_71\bin;C:\NVPACK\android-ndk-r10e;C:\NVPACK\android-sdk-windows\extras\android\support;C:\NVPACK\android-sdk-windows\build-tools;C:\NVPACK\android-sdk-windows\platform-tools;C:\NVPACK\android-sdk-windows\tools;;%USERPROFILE%\AppData\Local\Microsoft\WindowsApps;;C:\Users\Kerfuffle\Desktop;
USERNAME=Kerfuffle
OS=Windows_NT
PROCESSOR_IDENTIFIER=Intel64 Family 6 Model 60 Stepping 3, GenuineIntel



---------------  S Y S T E M  ---------------

OS: Windows 10.0 , 64 bit Build 14393 (10.0.14393.1198)

CPU:total 8 (4 cores per cpu, 2 threads per core) family 6 model 60 stepping 3, cmov, cx8, fxsr, mmx, sse, sse2, sse3, ssse3, sse4.1, sse4.2, popcnt, avx, avx2, aes, clmul, erms, lzcnt, ht, tsc, tscinvbit, bmi1, bmi2

Memory: 4k page, physical 16725096k(9306056k free), swap 19215464k(8696064k free)

vm_info: Java HotSpot(TM) 64-Bit Server VM (25.101-b13) for windows-amd64 JRE (1.8.0_101-b13), built on Jun 22 2016 01:21:29 by "java_re" with MS VC++ 10.0 (VS2010)

time: Fri Jun 23 22:00:35 2017
elapsed time: 6 seconds (0d 0h 0m 6s)

